{"total": {"lines":{"total":203,"covered":144,"skipped":0,"pct":70.93},"statements":{"total":232,"covered":173,"skipped":0,"pct":74.56},"functions":{"total":58,"covered":38,"skipped":0,"pct":65.51},"branches":{"total":45,"covered":33,"skipped":0,"pct":73.33},"branchesTrue":{"total":0,"covered":0,"skipped":0,"pct":100}}
,"C:\\Users\\maharajn\\NeeleshProject\\WeatherForecastFE\\WeatherForecastFeature\\src\\Root.tsx": {"lines":{"total":7,"covered":0,"skipped":0,"pct":0},"functions":{"total":1,"covered":0,"skipped":0,"pct":0},"statements":{"total":7,"covered":0,"skipped":0,"pct":0},"branches":{"total":0,"covered":0,"skipped":0,"pct":100}}
,"C:\\Users\\maharajn\\NeeleshProject\\WeatherForecastFE\\WeatherForecastFeature\\src\\components\\WeatherForecastView\\ForecastCreateForm.tsx": {"lines":{"total":15,"covered":9,"skipped":0,"pct":60},"functions":{"total":6,"covered":2,"skipped":0,"pct":33.33},"statements":{"total":16,"covered":10,"skipped":0,"pct":62.5},"branches":{"total":0,"covered":0,"skipped":0,"pct":100}}
,"C:\\Users\\maharajn\\NeeleshProject\\WeatherForecastFE\\WeatherForecastFeature\\src\\components\\WeatherForecastView\\WeatherForecastView.tsx": {"lines":{"total":19,"covered":16,"skipped":0,"pct":84.21},"functions":{"total":6,"covered":3,"skipped":0,"pct":50},"statements":{"total":19,"covered":16,"skipped":0,"pct":84.21},"branches":{"total":6,"covered":5,"skipped":0,"pct":83.33}}
,"C:\\Users\\maharajn\\NeeleshProject\\WeatherForecastFE\\WeatherForecastFeature\\src\\config\\env.ts": {"lines":{"total":5,"covered":0,"skipped":0,"pct":0},"functions":{"total":1,"covered":0,"skipped":0,"pct":0},"statements":{"total":5,"covered":0,"skipped":0,"pct":0},"branches":{"total":3,"covered":0,"skipped":0,"pct":0}}
,"C:\\Users\\maharajn\\NeeleshProject\\WeatherForecastFE\\WeatherForecastFeature\\src\\dashboard\\App.tsx": {"lines":{"total":6,"covered":0,"skipped":0,"pct":0},"functions":{"total":1,"covered":0,"skipped":0,"pct":0},"statements":{"total":6,"covered":0,"skipped":0,"pct":0},"branches":{"total":0,"covered":0,"skipped":0,"pct":100}}
,"C:\\Users\\maharajn\\NeeleshProject\\WeatherForecastFE\\WeatherForecastFeature\\src\\redux\\root-reducer.ts": {"lines":{"total":3,"covered":0,"skipped":0,"pct":0},"functions":{"total":0,"covered":0,"skipped":0,"pct":100},"statements":{"total":3,"covered":0,"skipped":0,"pct":0},"branches":{"total":0,"covered":0,"skipped":0,"pct":100}}
,"C:\\Users\\maharajn\\NeeleshProject\\WeatherForecastFE\\WeatherForecastFeature\\src\\redux\\root-saga.ts": {"lines":{"total":4,"covered":0,"skipped":0,"pct":0},"functions":{"total":1,"covered":0,"skipped":0,"pct":0},"statements":{"total":4,"covered":0,"skipped":0,"pct":0},"branches":{"total":0,"covered":0,"skipped":0,"pct":100}}
,"C:\\Users\\maharajn\\NeeleshProject\\WeatherForecastFE\\WeatherForecastFeature\\src\\redux\\store.ts": {"lines":{"total":8,"covered":0,"skipped":0,"pct":0},"functions":{"total":0,"covered":0,"skipped":0,"pct":100},"statements":{"total":8,"covered":0,"skipped":0,"pct":0},"branches":{"total":3,"covered":0,"skipped":0,"pct":0}}
,"C:\\Users\\maharajn\\NeeleshProject\\WeatherForecastFE\\WeatherForecastFeature\\src\\redux\\weatherForecast\\weatherForecast.actions.ts": {"lines":{"total":30,"covered":30,"skipped":0,"pct":100},"functions":{"total":15,"covered":15,"skipped":0,"pct":100},"statements":{"total":46,"covered":46,"skipped":0,"pct":100},"branches":{"total":0,"covered":0,"skipped":0,"pct":100}}
,"C:\\Users\\maharajn\\NeeleshProject\\WeatherForecastFE\\WeatherForecastFeature\\src\\redux\\weatherForecast\\weatherForecast.reducer.ts": {"lines":{"total":18,"covered":18,"skipped":0,"pct":100},"functions":{"total":5,"covered":5,"skipped":0,"pct":100},"statements":{"total":19,"covered":19,"skipped":0,"pct":100},"branches":{"total":23,"covered":23,"skipped":0,"pct":100}}
,"C:\\Users\\maharajn\\NeeleshProject\\WeatherForecastFE\\WeatherForecastFeature\\src\\redux\\weatherForecast\\weatherForecast.sagas.ts": {"lines":{"total":37,"covered":37,"skipped":0,"pct":100},"functions":{"total":7,"covered":7,"skipped":0,"pct":100},"statements":{"total":37,"covered":37,"skipped":0,"pct":100},"branches":{"total":5,"covered":5,"skipped":0,"pct":100}}
,"C:\\Users\\maharajn\\NeeleshProject\\WeatherForecastFE\\WeatherForecastFeature\\src\\redux\\weatherForecast\\weatherForecast.selectors.ts": {"lines":{"total":7,"covered":7,"skipped":0,"pct":100},"functions":{"total":6,"covered":6,"skipped":0,"pct":100},"statements":{"total":13,"covered":13,"skipped":0,"pct":100},"branches":{"total":0,"covered":0,"skipped":0,"pct":100}}
,"C:\\Users\\maharajn\\NeeleshProject\\WeatherForecastFE\\WeatherForecastFeature\\src\\redux\\weatherForecast\\weatherForecast.types.ts": {"lines":{"total":15,"covered":15,"skipped":0,"pct":100},"functions":{"total":0,"covered":0,"skipped":0,"pct":100},"statements":{"total":15,"covered":15,"skipped":0,"pct":100},"branches":{"total":0,"covered":0,"skipped":0,"pct":100}}
,"C:\\Users\\maharajn\\NeeleshProject\\WeatherForecastFE\\WeatherForecastFeature\\src\\services\\ApiService.ts": {"lines":{"total":8,"covered":5,"skipped":0,"pct":62.5},"functions":{"total":2,"covered":0,"skipped":0,"pct":0},"statements":{"total":8,"covered":5,"skipped":0,"pct":62.5},"branches":{"total":5,"covered":0,"skipped":0,"pct":0}}
,"C:\\Users\\maharajn\\NeeleshProject\\WeatherForecastFE\\WeatherForecastFeature\\src\\services\\weatherForecast\\weatherForecast.service.ts": {"lines":{"total":16,"covered":7,"skipped":0,"pct":43.75},"functions":{"total":5,"covered":0,"skipped":0,"pct":0},"statements":{"total":21,"covered":12,"skipped":0,"pct":57.14},"branches":{"total":0,"covered":0,"skipped":0,"pct":100}}
,"C:\\Users\\maharajn\\NeeleshProject\\WeatherForecastFE\\WeatherForecastFeature\\src\\shared\\common\\WelcomeMessage.tsx": {"lines":{"total":3,"covered":0,"skipped":0,"pct":0},"functions":{"total":1,"covered":0,"skipped":0,"pct":0},"statements":{"total":3,"covered":0,"skipped":0,"pct":0},"branches":{"total":0,"covered":0,"skipped":0,"pct":100}}
,"C:\\Users\\maharajn\\NeeleshProject\\WeatherForecastFE\\WeatherForecastFeature\\src\\shared\\common\\layout\\LayoutBase.tsx": {"lines":{"total":2,"covered":0,"skipped":0,"pct":0},"functions":{"total":1,"covered":0,"skipped":0,"pct":0},"statements":{"total":2,"covered":0,"skipped":0,"pct":0},"branches":{"total":0,"covered":0,"skipped":0,"pct":100}}
}
