TN:
SF:src\Root.tsx
FN:7,Root
FNF:1
FNH:0
FNDA:0,Root
DA:1,0
DA:2,0
DA:3,0
DA:4,0
DA:5,0
DA:7,0
DA:8,0
LF:7
LH:0
BRF:0
BRH:0
end_of_record
TN:
SF:src\components\WeatherForecastView\ForecastCreateForm.tsx
FN:10,(anonymous_0)
FN:12,ForecastCreateForm
FN:17,(anonymous_2)
FN:26,(anonymous_3)
FN:32,(anonymous_4)
FN:36,(anonymous_5)
FNF:6
FNH:2
FNDA:11,(anonymous_0)
FNDA:11,ForecastCreateForm
FNDA:0,(anonymous_2)
FNDA:0,(anonymous_3)
FNDA:0,(anonymous_4)
FNDA:0,(anonymous_5)
DA:1,2
DA:2,2
DA:10,11
DA:12,2
DA:13,11
DA:14,11
DA:15,11
DA:17,11
DA:18,0
DA:19,0
DA:20,0
DA:23,11
DA:26,0
DA:32,0
DA:36,0
LF:15
LH:9
BRF:0
BRH:0
end_of_record
TN:
SF:src\components\WeatherForecastView\WeatherForecastView.tsx
FN:18,WeatherForecastView
FN:25,(anonymous_1)
FN:34,(anonymous_2)
FN:42,(anonymous_3)
FN:47,(anonymous_4)
FN:48,(anonymous_5)
FNF:6
FNH:3
FNDA:6,WeatherForecastView
FNDA:6,(anonymous_1)
FNDA:0,(anonymous_2)
FNDA:5,(anonymous_3)
FNDA:0,(anonymous_4)
FNDA:0,(anonymous_5)
DA:1,1
DA:2,1
DA:3,1
DA:4,1
DA:10,1
DA:16,1
DA:18,1
DA:19,6
DA:20,6
DA:21,6
DA:22,6
DA:23,6
DA:25,6
DA:26,6
DA:29,6
DA:34,0
DA:43,5
DA:47,0
DA:48,0
LF:19
LH:16
BRDA:36,0,0,6
BRDA:36,0,1,0
BRDA:37,1,0,6
BRDA:37,1,1,1
BRDA:54,2,0,6
BRDA:54,2,1,1
BRF:6
BRH:5
end_of_record
TN:
SF:src\config\env.ts
FN:9,requireEnv
FNF:1
FNH:0
FNDA:0,requireEnv
DA:10,0
DA:11,0
DA:12,0
DA:14,0
DA:17,0
LF:5
LH:0
BRDA:11,0,0,0
BRDA:11,1,0,0
BRDA:11,1,1,0
BRF:3
BRH:0
end_of_record
TN:
SF:src\dashboard\App.tsx
FN:6,App
FNF:1
FNH:0
FNDA:0,App
DA:1,0
DA:2,0
DA:3,0
DA:4,0
DA:6,0
DA:7,0
LF:6
LH:0
BRF:0
BRH:0
end_of_record
TN:
SF:src\redux\root-reducer.ts
FNF:0
FNH:0
DA:1,0
DA:2,0
DA:9,0
LF:3
LH:0
BRF:0
BRH:0
end_of_record
TN:
SF:src\redux\root-saga.ts
FN:9,rootSaga
FNF:1
FNH:0
FNDA:0,rootSaga
DA:1,0
DA:2,0
DA:9,0
DA:10,0
LF:4
LH:0
BRF:0
BRH:0
end_of_record
TN:
SF:src\redux\store.ts
FNF:0
FNH:0
DA:1,0
DA:2,0
DA:3,0
DA:4,0
DA:13,0
DA:15,0
DA:17,0
DA:23,0
LF:8
LH:0
BRDA:13,0,0,0
BRDA:13,0,1,0
BRDA:13,0,2,0
BRF:3
BRH:0
end_of_record
TN:
SF:src\redux\weatherForecast\weatherForecast.actions.ts
FN:8,(anonymous_9)
FN:9,(anonymous_10)
FN:11,(anonymous_11)
FN:14,(anonymous_12)
FN:16,(anonymous_13)
FN:18,(anonymous_14)
FN:21,(anonymous_15)
FN:23,(anonymous_16)
FN:25,(anonymous_17)
FN:28,(anonymous_18)
FN:30,(anonymous_19)
FN:32,(anonymous_20)
FN:35,(anonymous_21)
FN:37,(anonymous_22)
FN:39,(anonymous_23)
FNF:15
FNH:15
FNDA:7,(anonymous_9)
FNDA:3,(anonymous_10)
FNDA:5,(anonymous_11)
FNDA:3,(anonymous_12)
FNDA:3,(anonymous_13)
FNDA:2,(anonymous_14)
FNDA:3,(anonymous_15)
FNDA:3,(anonymous_16)
FNDA:3,(anonymous_17)
FNDA:3,(anonymous_18)
FNDA:5,(anonymous_19)
FNDA:2,(anonymous_20)
FNDA:3,(anonymous_21)
FNDA:5,(anonymous_22)
FNDA:3,(anonymous_23)
DA:6,3
DA:8,7
DA:9,3
DA:10,3
DA:11,3
DA:12,5
DA:14,3
DA:15,3
DA:16,3
DA:17,3
DA:18,3
DA:19,2
DA:21,3
DA:22,3
DA:23,3
DA:24,3
DA:25,3
DA:26,3
DA:28,3
DA:29,3
DA:30,3
DA:31,5
DA:32,3
DA:33,2
DA:35,3
DA:36,3
DA:37,3
DA:38,5
DA:39,3
DA:40,3
LF:30
LH:30
BRF:0
BRH:0
end_of_record
TN:
SF:src\redux\weatherForecast\weatherForecast.reducer.ts
FN:19,(anonymous_0)
FN:22,(anonymous_1)
FN:25,(anonymous_2)
FN:47,(anonymous_3)
FN:54,(anonymous_4)
FNF:5
FNH:5
FNDA:5,(anonymous_0)
FNDA:3,(anonymous_1)
FNDA:19,(anonymous_2)
FNDA:5,(anonymous_3)
FNDA:5,(anonymous_4)
DA:3,1
DA:12,1
DA:19,1
DA:20,5
DA:22,1
DA:23,3
DA:25,1
DA:29,19
DA:35,5
DA:38,1
DA:40,1
DA:42,1
DA:44,3
DA:47,5
DA:51,3
DA:54,5
DA:63,3
DA:66,2
LF:18
LH:18
BRDA:26,0,0,1
BRDA:29,1,0,1
BRDA:29,1,1,2
BRDA:29,1,2,3
BRDA:29,1,3,4
BRDA:29,1,4,5
BRDA:29,1,5,1
BRDA:29,1,6,1
BRDA:29,1,7,1
BRDA:29,1,8,3
BRDA:29,1,9,3
BRDA:29,1,10,1
BRDA:29,1,11,1
BRDA:29,1,12,2
BRDA:29,1,13,2
BRDA:29,1,14,3
BRDA:29,1,15,2
BRDA:47,2,0,3
BRDA:47,2,1,2
BRDA:48,3,0,1
BRDA:48,3,1,2
BRDA:55,4,0,1
BRDA:55,4,1,2
BRF:23
BRH:23
end_of_record
TN:
SF:src\redux\weatherForecast\weatherForecast.sagas.ts
FN:8,(anonymous_9)
FN:16,fetchAll
FN:25,fetchById
FN:34,createForecast
FN:43,updateForecast
FN:53,deleteForecast
FN:62,weatherForecastSaga
FNF:7
FNH:7
FNDA:6,(anonymous_9)
FNDA:3,fetchAll
FNDA:2,fetchById
FNDA:2,createForecast
FNDA:2,updateForecast
FNDA:2,deleteForecast
FNDA:1,weatherForecastSaga
DA:1,1
DA:3,1
DA:5,1
DA:6,1
DA:8,1
DA:9,6
DA:10,6
DA:11,5
DA:13,1
DA:16,1
DA:17,3
DA:18,3
DA:19,1
DA:21,2
DA:25,1
DA:26,2
DA:27,2
DA:28,1
DA:30,1
DA:34,1
DA:35,2
DA:36,2
DA:37,1
DA:39,1
DA:43,1
DA:44,2
DA:45,2
DA:46,2
DA:47,1
DA:49,1
DA:53,1
DA:54,2
DA:55,2
DA:56,1
DA:58,1
DA:62,1
DA:63,1
LF:37
LH:37
BRDA:10,0,0,5
BRDA:10,1,0,6
BRDA:10,1,1,6
BRDA:10,1,2,5
BRDA:10,1,3,5
BRF:5
BRH:5
end_of_record
TN:
SF:src\redux\weatherForecast\weatherForecast.selectors.ts
FN:4,(anonymous_0)
FN:6,(anonymous_1)
FN:7,(anonymous_2)
FN:8,(anonymous_3)
FN:9,(anonymous_4)
FN:10,(anonymous_5)
FNF:6
FNH:6
FNDA:42,(anonymous_0)
FNDA:10,(anonymous_1)
FNDA:8,(anonymous_2)
FNDA:8,(anonymous_3)
FNDA:8,(anonymous_4)
FNDA:2,(anonymous_5)
DA:1,2
DA:4,42
DA:6,10
DA:7,8
DA:8,8
DA:9,8
DA:10,2
LF:7
LH:7
BRF:0
BRH:0
end_of_record
TN:
SF:src\redux\weatherForecast\weatherForecast.types.ts
FNF:0
FNH:0
DA:3,3
DA:4,3
DA:5,3
DA:7,3
DA:8,3
DA:9,3
DA:11,3
DA:12,3
DA:13,3
DA:15,3
DA:16,3
DA:17,3
DA:19,3
DA:20,3
DA:21,3
LF:15
LH:15
BRF:0
BRH:0
end_of_record
TN:
SF:src\services\ApiService.ts
FN:16,(anonymous_1)
FN:17,(anonymous_2)
FNF:2
FNH:0
FNDA:0,(anonymous_1)
FNDA:0,(anonymous_2)
DA:1,1
DA:2,1
DA:10,1
DA:15,1
DA:16,0
DA:18,0
DA:23,0
DA:27,1
LF:8
LH:5
BRDA:19,0,0,0
BRDA:19,0,1,0
BRDA:20,1,0,0
BRDA:20,1,1,0
BRDA:20,1,2,0
BRF:5
BRH:0
end_of_record
TN:
SF:src\services\weatherForecast\weatherForecast.service.ts
FN:10,(anonymous_1)
FN:15,(anonymous_2)
FN:20,(anonymous_3)
FN:25,(anonymous_4)
FN:33,(anonymous_5)
FNF:5
FNH:0
FNDA:0,(anonymous_1)
FNDA:0,(anonymous_2)
FNDA:0,(anonymous_3)
FNDA:0,(anonymous_4)
FNDA:0,(anonymous_5)
DA:1,1
DA:8,1
DA:10,1
DA:11,0
DA:12,0
DA:15,1
DA:16,0
DA:17,0
DA:20,1
DA:21,0
DA:22,0
DA:25,1
DA:29,0
DA:30,0
DA:33,1
DA:34,0
LF:16
LH:7
BRF:0
BRH:0
end_of_record
TN:
SF:src\shared\common\WelcomeMessage.tsx
FN:3,WelcomeMessage
FNF:1
FNH:0
FNDA:0,WelcomeMessage
DA:1,0
DA:3,0
DA:4,0
LF:3
LH:0
BRF:0
BRH:0
end_of_record
TN:
SF:src\shared\common\layout\LayoutBase.tsx
FN:3,LayoutBase
FNF:1
FNH:0
FNDA:0,LayoutBase
DA:3,0
DA:4,0
LF:2
LH:0
BRF:0
BRH:0
end_of_record
